C:\Users\admin\Documents\SOLID-IDE\Projects\mros_002\Debug_clang\exeClang_SOLID\ospl\DebugBreak.o
C:\Users\admin\Documents\SOLID-IDE\Projects\mros_002\Debug_clang\exeClang_SOLID\ospl\inline_body.o
C:\Users\admin\Documents\SOLID-IDE\Projects\mros_002\Debug_clang\exeClang_SOLID\ospl\locking.o
C:\Users\admin\Documents\SOLID-IDE\Projects\mros_002\Debug_clang\exeClang_SOLID\ospl\mcu_interrupts.o
C:\Users\admin\Documents\SOLID-IDE\Projects\mros_002\Debug_clang\exeClang_SOLID\ospl\r_ospl.o
C:\Users\admin\Documents\SOLID-IDE\Projects\mros_002\Debug_clang\exeClang_SOLID\ospl\r_ospl_debug.o
C:\Users\admin\Documents\SOLID-IDE\Projects\mros_002\Debug_clang\exeClang_SOLID\ospl\r_ospl_ftimer.o
C:\Users\admin\Documents\SOLID-IDE\Projects\mros_002\Debug_clang\exeClang_SOLID\ospl\r_ospl_memory.o
C:\Users\admin\Documents\SOLID-IDE\Projects\mros_002\Debug_clang\exeClang_SOLID\ospl\r_ospl_RTX.o
C:\Users\admin\Documents\SOLID-IDE\Projects\mros_002\Debug_clang\exeClang_SOLID\ospl\r_ospl_unrecoverable.o
C:\Users\admin\Documents\SOLID-IDE\Projects\mros_002\Debug_clang\exeClang_SOLID\libospl.a
C:\Users\admin\Documents\SOLID-IDE\Projects\mros_002\Debug_clang\exeClang_SOLID\ospl\ospl.tlog\DebugBreak\clang.10468.write.1.tlog
C:\Users\admin\Documents\SOLID-IDE\Projects\mros_002\Debug_clang\exeClang_SOLID\ospl\ospl.tlog\DebugBreak\clang.command.1.tlog
C:\Users\admin\Documents\SOLID-IDE\Projects\mros_002\Debug_clang\exeClang_SOLID\ospl\ospl.tlog\DebugBreak\clang.read.1.tlog
C:\Users\admin\Documents\SOLID-IDE\Projects\mros_002\Debug_clang\exeClang_SOLID\ospl\ospl.tlog\inline_body\clang.8592.write.1.tlog
C:\Users\admin\Documents\SOLID-IDE\Projects\mros_002\Debug_clang\exeClang_SOLID\ospl\ospl.tlog\inline_body\clang.command.1.tlog
C:\Users\admin\Documents\SOLID-IDE\Projects\mros_002\Debug_clang\exeClang_SOLID\ospl\ospl.tlog\inline_body\clang.read.1.tlog
C:\Users\admin\Documents\SOLID-IDE\Projects\mros_002\Debug_clang\exeClang_SOLID\ospl\ospl.tlog\locking\clang.2700.write.1.tlog
C:\Users\admin\Documents\SOLID-IDE\Projects\mros_002\Debug_clang\exeClang_SOLID\ospl\ospl.tlog\locking\clang.command.1.tlog
C:\Users\admin\Documents\SOLID-IDE\Projects\mros_002\Debug_clang\exeClang_SOLID\ospl\ospl.tlog\locking\clang.read.1.tlog
C:\Users\admin\Documents\SOLID-IDE\Projects\mros_002\Debug_clang\exeClang_SOLID\ospl\ospl.tlog\mcu_interrupts\clang.11776.write.1.tlog
C:\Users\admin\Documents\SOLID-IDE\Projects\mros_002\Debug_clang\exeClang_SOLID\ospl\ospl.tlog\mcu_interrupts\clang.command.1.tlog
C:\Users\admin\Documents\SOLID-IDE\Projects\mros_002\Debug_clang\exeClang_SOLID\ospl\ospl.tlog\mcu_interrupts\clang.read.1.tlog
C:\Users\admin\Documents\SOLID-IDE\Projects\mros_002\Debug_clang\exeClang_SOLID\ospl\ospl.tlog\r_ospl\clang.1512.write.1.tlog
C:\Users\admin\Documents\SOLID-IDE\Projects\mros_002\Debug_clang\exeClang_SOLID\ospl\ospl.tlog\r_ospl\clang.command.1.tlog
C:\Users\admin\Documents\SOLID-IDE\Projects\mros_002\Debug_clang\exeClang_SOLID\ospl\ospl.tlog\r_ospl\clang.read.1.tlog
C:\Users\admin\Documents\SOLID-IDE\Projects\mros_002\Debug_clang\exeClang_SOLID\ospl\ospl.tlog\r_ospl_debug\clang.8588.write.1.tlog
C:\Users\admin\Documents\SOLID-IDE\Projects\mros_002\Debug_clang\exeClang_SOLID\ospl\ospl.tlog\r_ospl_debug\clang.command.1.tlog
C:\Users\admin\Documents\SOLID-IDE\Projects\mros_002\Debug_clang\exeClang_SOLID\ospl\ospl.tlog\r_ospl_debug\clang.read.1.tlog
C:\Users\admin\Documents\SOLID-IDE\Projects\mros_002\Debug_clang\exeClang_SOLID\ospl\ospl.tlog\r_ospl_ftimer\clang.12716.write.1.tlog
C:\Users\admin\Documents\SOLID-IDE\Projects\mros_002\Debug_clang\exeClang_SOLID\ospl\ospl.tlog\r_ospl_ftimer\clang.command.1.tlog
C:\Users\admin\Documents\SOLID-IDE\Projects\mros_002\Debug_clang\exeClang_SOLID\ospl\ospl.tlog\r_ospl_ftimer\clang.read.1.tlog
C:\Users\admin\Documents\SOLID-IDE\Projects\mros_002\Debug_clang\exeClang_SOLID\ospl\ospl.tlog\r_ospl_memory\clang.9088.write.1.tlog
C:\Users\admin\Documents\SOLID-IDE\Projects\mros_002\Debug_clang\exeClang_SOLID\ospl\ospl.tlog\r_ospl_memory\clang.command.1.tlog
C:\Users\admin\Documents\SOLID-IDE\Projects\mros_002\Debug_clang\exeClang_SOLID\ospl\ospl.tlog\r_ospl_memory\clang.read.1.tlog
C:\Users\admin\Documents\SOLID-IDE\Projects\mros_002\Debug_clang\exeClang_SOLID\ospl\ospl.tlog\r_ospl_RTX\clang.15072.write.1.tlog
C:\Users\admin\Documents\SOLID-IDE\Projects\mros_002\Debug_clang\exeClang_SOLID\ospl\ospl.tlog\r_ospl_RTX\clang.command.1.tlog
C:\Users\admin\Documents\SOLID-IDE\Projects\mros_002\Debug_clang\exeClang_SOLID\ospl\ospl.tlog\r_ospl_RTX\clang.read.1.tlog
C:\Users\admin\Documents\SOLID-IDE\Projects\mros_002\Debug_clang\exeClang_SOLID\ospl\ospl.tlog\r_ospl_unrecoverable\clang.5272.write.1.tlog
C:\Users\admin\Documents\SOLID-IDE\Projects\mros_002\Debug_clang\exeClang_SOLID\ospl\ospl.tlog\r_ospl_unrecoverable\clang.command.1.tlog
C:\Users\admin\Documents\SOLID-IDE\Projects\mros_002\Debug_clang\exeClang_SOLID\ospl\ospl.tlog\r_ospl_unrecoverable\clang.read.1.tlog
