C:\Users\admin\Documents\SOLID-IDE\Projects\mros_002\Debug_clang\exeClang_SOLID\vdc5\r_vdc5.o
C:\Users\admin\Documents\SOLID-IDE\Projects\mros_002\Debug_clang\exeClang_SOLID\vdc5\r_vdc5_check_parameter.o
C:\Users\admin\Documents\SOLID-IDE\Projects\mros_002\Debug_clang\exeClang_SOLID\vdc5\r_vdc5_interrupt.o
C:\Users\admin\Documents\SOLID-IDE\Projects\mros_002\Debug_clang\exeClang_SOLID\vdc5\r_vdc5_register.o
C:\Users\admin\Documents\SOLID-IDE\Projects\mros_002\Debug_clang\exeClang_SOLID\vdc5\r_vdc5_register_address.o
C:\Users\admin\Documents\SOLID-IDE\Projects\mros_002\Debug_clang\exeClang_SOLID\vdc5\r_vdc5_shared_param.o
C:\Users\admin\Documents\SOLID-IDE\Projects\mros_002\Debug_clang\exeClang_SOLID\libvdc5.a
C:\Users\admin\Documents\SOLID-IDE\Projects\mros_002\Debug_clang\exeClang_SOLID\vdc5\vdc5.tlog\r_vdc5\clang.4816.write.1.tlog
C:\Users\admin\Documents\SOLID-IDE\Projects\mros_002\Debug_clang\exeClang_SOLID\vdc5\vdc5.tlog\r_vdc5\clang.command.1.tlog
C:\Users\admin\Documents\SOLID-IDE\Projects\mros_002\Debug_clang\exeClang_SOLID\vdc5\vdc5.tlog\r_vdc5\clang.read.1.tlog
C:\Users\admin\Documents\SOLID-IDE\Projects\mros_002\Debug_clang\exeClang_SOLID\vdc5\vdc5.tlog\r_vdc5_check_parameter\clang.9524.write.1.tlog
C:\Users\admin\Documents\SOLID-IDE\Projects\mros_002\Debug_clang\exeClang_SOLID\vdc5\vdc5.tlog\r_vdc5_check_parameter\clang.command.1.tlog
C:\Users\admin\Documents\SOLID-IDE\Projects\mros_002\Debug_clang\exeClang_SOLID\vdc5\vdc5.tlog\r_vdc5_check_parameter\clang.read.1.tlog
C:\Users\admin\Documents\SOLID-IDE\Projects\mros_002\Debug_clang\exeClang_SOLID\vdc5\vdc5.tlog\r_vdc5_interrupt\clang.2904.write.1.tlog
C:\Users\admin\Documents\SOLID-IDE\Projects\mros_002\Debug_clang\exeClang_SOLID\vdc5\vdc5.tlog\r_vdc5_interrupt\clang.command.1.tlog
C:\Users\admin\Documents\SOLID-IDE\Projects\mros_002\Debug_clang\exeClang_SOLID\vdc5\vdc5.tlog\r_vdc5_interrupt\clang.read.1.tlog
C:\Users\admin\Documents\SOLID-IDE\Projects\mros_002\Debug_clang\exeClang_SOLID\vdc5\vdc5.tlog\r_vdc5_register\clang.10688.write.1.tlog
C:\Users\admin\Documents\SOLID-IDE\Projects\mros_002\Debug_clang\exeClang_SOLID\vdc5\vdc5.tlog\r_vdc5_register\clang.command.1.tlog
C:\Users\admin\Documents\SOLID-IDE\Projects\mros_002\Debug_clang\exeClang_SOLID\vdc5\vdc5.tlog\r_vdc5_register\clang.read.1.tlog
C:\Users\admin\Documents\SOLID-IDE\Projects\mros_002\Debug_clang\exeClang_SOLID\vdc5\vdc5.tlog\r_vdc5_register_address\clang.2556.write.1.tlog
C:\Users\admin\Documents\SOLID-IDE\Projects\mros_002\Debug_clang\exeClang_SOLID\vdc5\vdc5.tlog\r_vdc5_register_address\clang.command.1.tlog
C:\Users\admin\Documents\SOLID-IDE\Projects\mros_002\Debug_clang\exeClang_SOLID\vdc5\vdc5.tlog\r_vdc5_register_address\clang.read.1.tlog
C:\Users\admin\Documents\SOLID-IDE\Projects\mros_002\Debug_clang\exeClang_SOLID\vdc5\vdc5.tlog\r_vdc5_shared_param\clang.10920.write.1.tlog
C:\Users\admin\Documents\SOLID-IDE\Projects\mros_002\Debug_clang\exeClang_SOLID\vdc5\vdc5.tlog\r_vdc5_shared_param\clang.command.1.tlog
C:\Users\admin\Documents\SOLID-IDE\Projects\mros_002\Debug_clang\exeClang_SOLID\vdc5\vdc5.tlog\r_vdc5_shared_param\clang.read.1.tlog
