InitializeBuildStatus:
	"C:\Users\admin\Documents\SOLID-IDE\Projects\mros_002\Debug_clang\exeClang_SOLID\bsp\bsp.tlog\bsp.lastbuilddate" のタッチ タスクを実行しています。
	"AlwaysCreate" が指定されたため "C:\Users\admin\Documents\SOLID-IDE\Projects\mros_002\Debug_clang\exeClang_SOLID\bsp\bsp.tlog\unsuccessfulbuild" を作成しています。
SolidMemoryMapCompile:
	すべての出力ファイルが入力ファイルに対して最新なので、ターゲット "SolidMemoryMapCompile" を省略します。
ClCompile:
	すべての出力が最新のものです。
	すべての出力が最新のものです。
	すべての出力が最新のものです。
	すべての出力が最新のものです。
	すべての出力が最新のものです。
	すべての出力が最新のものです。
	すべての出力が最新のものです。
	C:\Users\admin\Documents\SOLID-IDE\Projects\mros_002\bsp\AP-RZA-StarterKit\drivers\impl_net_dev_getconfig.c
	すべての出力が最新のものです。
	すべての出力が最新のものです。
	すべての出力が最新のものです。
	すべての出力が最新のものです。
	すべての出力が最新のものです。
	すべての出力が最新のものです。
	すべての出力が最新のものです。
	すべての出力が最新のものです。
	すべての出力が最新のものです。
	すべての出力が最新のものです。
	すべての出力が最新のものです。
Lib:
	bsp.ptproj -> C:\Users\admin\Documents\SOLID-IDE\Projects\mros_002\Debug_clang\exeClang_SOLID\libbsp.a
FinalizeBuildStatus:
	ファイル "C:\Users\admin\Documents\SOLID-IDE\Projects\mros_002\Debug_clang\exeClang_SOLID\bsp\bsp.tlog\unsuccessfulbuild" を削除しています。
	"C:\Users\admin\Documents\SOLID-IDE\Projects\mros_002\Debug_clang\exeClang_SOLID\bsp\bsp.tlog\bsp.lastbuilddate" のタッチ タスクを実行しています。

ElapsedTime : 00:00:01.8809917

ビルドに成功しました。
