PrepareForBuild:
	ディレクトリ "C:\Users\admin\Documents\SOLID-IDE\Projects\lwip_server\Debug_tasan\exeClang_SOLID\ospl\" を作成しています。
	ディレクトリ "C:\Users\admin\Documents\SOLID-IDE\Projects\lwip_server\Debug_tasan\exeClang_SOLID\ospl\ospl.tlog\" を作成しています。
InitializeBuildStatus:
	"AlwaysCreate" が指定されたため "C:\Users\admin\Documents\SOLID-IDE\Projects\lwip_server\Debug_tasan\exeClang_SOLID\ospl\ospl.tlog\ospl.lastbuilddate" を作成しています。
	"AlwaysCreate" が指定されたため "C:\Users\admin\Documents\SOLID-IDE\Projects\lwip_server\Debug_tasan\exeClang_SOLID\ospl\ospl.tlog\unsuccessfulbuild" を作成しています。
ClCompile:
	C:\Users\admin\Documents\SOLID-IDE\Projects\lwip_server\bsp\AP-RZA-StarterKit\drivers\ospl\porting\DebugBreak.c
	C:\Users\admin\Documents\SOLID-IDE\Projects\lwip_server\bsp\AP-RZA-StarterKit\drivers\ospl\porting\locking.c
	C:\Users\admin\Documents\SOLID-IDE\Projects\lwip_server\bsp\AP-RZA-StarterKit\drivers\ospl\porting\r_ospl_debug.c
	C:\Users\admin\Documents\SOLID-IDE\Projects\lwip_server\bsp\AP-RZA-StarterKit\drivers\ospl\porting\r_ospl_memory.c
	C:\Users\admin\Documents\SOLID-IDE\Projects\lwip_server\bsp\AP-RZA-StarterKit\drivers\ospl\porting\inline_body.c
	C:\Users\admin\Documents\SOLID-IDE\Projects\lwip_server\bsp\AP-RZA-StarterKit\drivers\ospl\porting\r_ospl_ftimer.c
	C:\Users\admin\Documents\SOLID-IDE\Projects\lwip_server\bsp\AP-RZA-StarterKit\drivers\ospl\porting\r_ospl_RTX.c
	C:\Users\admin\Documents\SOLID-IDE\Projects\lwip_server\bsp\AP-RZA-StarterKit\drivers\ospl\porting\mcu_interrupts.c
	C:\Users\admin\Documents\SOLID-IDE\Projects\lwip_server\bsp\AP-RZA-StarterKit\drivers\ospl\porting\r_ospl_unrecoverable.c
	C:\Users\admin\Documents\SOLID-IDE\Projects\lwip_server\bsp\AP-RZA-StarterKit\drivers\ospl\src\r_ospl.c
Lib:
	ospl.ptproj -> C:\Users\admin\Documents\SOLID-IDE\Projects\lwip_server\Debug_tasan\exeClang_SOLID\libospl.a
FinalizeBuildStatus:
	ファイル "C:\Users\admin\Documents\SOLID-IDE\Projects\lwip_server\Debug_tasan\exeClang_SOLID\ospl\ospl.tlog\unsuccessfulbuild" を削除しています。
	"C:\Users\admin\Documents\SOLID-IDE\Projects\lwip_server\Debug_tasan\exeClang_SOLID\ospl\ospl.tlog\ospl.lastbuilddate" のタッチ タスクを実行しています。

ElapsedTime : 00:00:06.5021430

ビルドに成功しました。
