InitializeBuildStatus:
	"C:\Users\admin\Documents\SOLID-IDE\Projects\mros_002\Debug_clang\exeClang_SOLID\mros_002\mros_002.tlog\mros_002.lastbuilddate" のタッチ タスクを実行しています。
	"C:\Users\admin\Documents\SOLID-IDE\Projects\mros_002\Debug_clang\exeClang_SOLID\mros_002\mros_002.tlog\unsuccessfulbuild" のタッチ タスクを実行しています。
SolidMemoryMapCompile:
	すべての出力ファイルが入力ファイルに対して最新なので、ターゲット "SolidMemoryMapCompile" を省略します。
ClCompile:
	すべての出力が最新のものです。
	すべての出力が最新のものです。
	すべての出力が最新のものです。
	すべての出力が最新のものです。
	すべての出力が最新のものです。
	すべての出力が最新のものです。
	C:\Users\admin\Documents\SOLID-IDE\Projects\mros_002\mros_002\Endpoint.cpp
	すべての出力が最新のものです。
	すべての出力が最新のものです。
	すべての出力が最新のものです。
Link:
	mros_002.ptproj -> C:\Users\admin\Documents\SOLID-IDE\Projects\mros_002\Debug_clang\exeClang_SOLID\mros_002.out
PostBuildEvent:
	Description: objcopy:"C:\Users\admin\Documents\SOLID-IDE\Projects\mros_002\Debug_clang\exeClang_SOLID\mros_002.out" -> "C:\Users\admin\Documents\SOLID-IDE\Projects\mros_002\Debug_clang\exeClang_SOLID\mros_002.bin"
FinalizeBuildStatus:
	ファイル "C:\Users\admin\Documents\SOLID-IDE\Projects\mros_002\Debug_clang\exeClang_SOLID\mros_002\mros_002.tlog\unsuccessfulbuild" を削除しています。
	"C:\Users\admin\Documents\SOLID-IDE\Projects\mros_002\Debug_clang\exeClang_SOLID\mros_002\mros_002.tlog\mros_002.lastbuilddate" のタッチ タスクを実行しています。

ElapsedTime : 00:00:06.6836548

ビルドに成功しました。
