C:\Users\admin\Documents\SOLID-IDE\Projects\mros_002\Debug_clang\exeClang_SOLID\mros_002.bin
C:\Users\admin\Documents\SOLID-IDE\Projects\mros_002\Debug_clang\exeClang_SOLID\mros_002\impl_mem_conf.o
C:\Users\admin\Documents\SOLID-IDE\Projects\mros_002\Debug_clang\exeClang_SOLID\mros_002\kernel_cfg.o
C:\Users\admin\Documents\SOLID-IDE\Projects\mros_002\Debug_clang\exeClang_SOLID\mros_002\Main.o
C:\Users\admin\Documents\SOLID-IDE\Projects\mros_002\Debug_clang\exeClang_SOLID\mros_002\mros.o
C:\Users\admin\Documents\SOLID-IDE\Projects\mros_002\Debug_clang\exeClang_SOLID\mros_002\mros_002_all.o
C:\Users\admin\Documents\SOLID-IDE\Projects\mros_002\Debug_clang\exeClang_SOLID\mros_002\ros.o
C:\Users\admin\Documents\SOLID-IDE\Projects\mros_002\Debug_clang\exeClang_SOLID\mros_002\userapp.o
C:\Users\admin\Documents\SOLID-IDE\Projects\mros_002\Debug_clang\exeClang_SOLID\mros_002\mros_002.map
C:\Users\admin\Documents\SOLID-IDE\Projects\mros_002\Debug_clang\exeClang_SOLID\mros_002.out
C:\Users\admin\Documents\SOLID-IDE\Projects\mros_002\Debug_clang\exeClang_SOLID\mros_002\mros_002.tlog\clang++-g++-collect2-ld.read.1.tlog
C:\Users\admin\Documents\SOLID-IDE\Projects\mros_002\Debug_clang\exeClang_SOLID\mros_002\mros_002.tlog\clang++-g++-collect2-ld.write.1.tlog
C:\Users\admin\Documents\SOLID-IDE\Projects\mros_002\Debug_clang\exeClang_SOLID\mros_002\mros_002.tlog\clang++-g++-collect2.read.1.tlog
C:\Users\admin\Documents\SOLID-IDE\Projects\mros_002\Debug_clang\exeClang_SOLID\mros_002\mros_002.tlog\clang++-g++-collect2.write.1.tlog
C:\Users\admin\Documents\SOLID-IDE\Projects\mros_002\Debug_clang\exeClang_SOLID\mros_002\mros_002.tlog\clang++-g++.read.1.tlog
C:\Users\admin\Documents\SOLID-IDE\Projects\mros_002\Debug_clang\exeClang_SOLID\mros_002\mros_002.tlog\clang++-g++.write.1.tlog
C:\Users\admin\Documents\SOLID-IDE\Projects\mros_002\Debug_clang\exeClang_SOLID\mros_002\mros_002.tlog\clang++.command.1.tlog
C:\Users\admin\Documents\SOLID-IDE\Projects\mros_002\Debug_clang\exeClang_SOLID\mros_002\mros_002.tlog\clang++.read.1.tlog
C:\Users\admin\Documents\SOLID-IDE\Projects\mros_002\Debug_clang\exeClang_SOLID\mros_002\mros_002.tlog\ld.command.1.tlog
C:\Users\admin\Documents\SOLID-IDE\Projects\mros_002\Debug_clang\exeClang_SOLID\mros_002\mros_002.tlog\ld.read.1.tlog
C:\Users\admin\Documents\SOLID-IDE\Projects\mros_002\Debug_clang\exeClang_SOLID\mros_002\mros_002.tlog\ld.write.1.tlog
C:\Users\admin\Documents\SOLID-IDE\Projects\mros_002\Debug_clang\exeClang_SOLID\mros_002\mros_002.tlog\impl_mem_conf\clang.17696.write.1.tlog
C:\Users\admin\Documents\SOLID-IDE\Projects\mros_002\Debug_clang\exeClang_SOLID\mros_002\mros_002.tlog\impl_mem_conf\clang.command.1.tlog
C:\Users\admin\Documents\SOLID-IDE\Projects\mros_002\Debug_clang\exeClang_SOLID\mros_002\mros_002.tlog\impl_mem_conf\clang.read.1.tlog
C:\Users\admin\Documents\SOLID-IDE\Projects\mros_002\Debug_clang\exeClang_SOLID\mros_002\mros_002.tlog\kernel_cfg\clang.19160.write.1.tlog
C:\Users\admin\Documents\SOLID-IDE\Projects\mros_002\Debug_clang\exeClang_SOLID\mros_002\mros_002.tlog\kernel_cfg\clang.command.1.tlog
C:\Users\admin\Documents\SOLID-IDE\Projects\mros_002\Debug_clang\exeClang_SOLID\mros_002\mros_002.tlog\kernel_cfg\clang.read.1.tlog
C:\Users\admin\Documents\SOLID-IDE\Projects\mros_002\Debug_clang\exeClang_SOLID\mros_002\mros_002.tlog\Main\clang.10272.write.1.tlog
C:\Users\admin\Documents\SOLID-IDE\Projects\mros_002\Debug_clang\exeClang_SOLID\mros_002\mros_002.tlog\Main\clang.command.1.tlog
C:\Users\admin\Documents\SOLID-IDE\Projects\mros_002\Debug_clang\exeClang_SOLID\mros_002\mros_002.tlog\Main\clang.read.1.tlog
C:\Users\admin\Documents\SOLID-IDE\Projects\mros_002\Debug_clang\exeClang_SOLID\mros_002\mros_002.tlog\mros\clang.17160.write.1.tlog
C:\Users\admin\Documents\SOLID-IDE\Projects\mros_002\Debug_clang\exeClang_SOLID\mros_002\mros_002.tlog\mros\clang.command.1.tlog
C:\Users\admin\Documents\SOLID-IDE\Projects\mros_002\Debug_clang\exeClang_SOLID\mros_002\mros_002.tlog\mros\clang.read.1.tlog
C:\Users\admin\Documents\SOLID-IDE\Projects\mros_002\Debug_clang\exeClang_SOLID\mros_002\mros_002.tlog\ros\clang.24488.write.1.tlog
C:\Users\admin\Documents\SOLID-IDE\Projects\mros_002\Debug_clang\exeClang_SOLID\mros_002\mros_002.tlog\ros\clang.command.1.tlog
C:\Users\admin\Documents\SOLID-IDE\Projects\mros_002\Debug_clang\exeClang_SOLID\mros_002\mros_002.tlog\ros\clang.read.1.tlog
C:\Users\admin\Documents\SOLID-IDE\Projects\mros_002\Debug_clang\exeClang_SOLID\mros_002\mros_002.tlog\userapp\clang.18440.write.1.tlog
C:\Users\admin\Documents\SOLID-IDE\Projects\mros_002\Debug_clang\exeClang_SOLID\mros_002\mros_002.tlog\userapp\clang.command.1.tlog
C:\Users\admin\Documents\SOLID-IDE\Projects\mros_002\Debug_clang\exeClang_SOLID\mros_002\mros_002.tlog\userapp\clang.read.1.tlog
