ClCompile:
	C:\Users\admin\Documents\SOLID-IDE\Projects\mros_002\bsp\AP-RZA-StarterKit\drivers\impl_mem_conf.c
	C:\Users\admin\Documents\SOLID-IDE\Projects\mros_002\mros_002\userapp.cpp
	C:\Users\admin\Documents\SOLID-IDE\Projects\mros_002\mros_002\Main.c
	C:\Users\admin\Documents\SOLID-IDE\Projects\mros_002\mros_002\Socket.cpp
	C:\Users\admin\Documents\SOLID-IDE\Projects\mros_002\mros_002\Endpoint.cpp
	C:\Users\admin\Documents\SOLID-IDE\Projects\mros_002\mros_002\mros.cpp
	C:\Users\admin\Documents\SOLID-IDE\Projects\mros_002\mros_002\TCPSocketConnection.cpp
	C:\Users\admin\Documents\SOLID-IDE\Projects\mros_002\mros_002\kernel_cfg.c
	C:\Users\admin\Documents\SOLID-IDE\Projects\mros_002\mros_002\TCPSocketServer.cpp
C:\Users\admin\Documents\SOLID-IDE\Projects\mros_002\mros_002\userapp.cpp(26,2): warning : 1st function call argument is an uninitialized value
	        free(dq);
	        ^~~~~~~~
	1 warning generated.
	C:\Users\admin\Documents\SOLID-IDE\Projects\mros_002\mros_002\xmlcall.cpp
	C:\Users\admin\Documents\SOLID-IDE\Projects\mros_002\mros_002\xmlparser.cpp
	C:\Users\admin\Documents\SOLID-IDE\Projects\mros_002\mros_002\ros.cpp
C:\Users\admin\Documents\SOLID-IDE\Projects\mros_002\mros_002\ros.cpp(73,10): warning : Assigned value is garbage or undefined
	        pbuf[0] = pub.ID;
	                ^ ~~~~~~
	1 warning generated.

ElapsedTime : 00:00:10.6550630

ビルドに成功しました。
