C:\Users\admin\Documents\SOLID-IDE\Projects\mros_002\Debug_clang\exeClang_SOLID\jcu\jcu_api.o
C:\Users\admin\Documents\SOLID-IDE\Projects\mros_002\Debug_clang\exeClang_SOLID\jcu\jcu_para.o
C:\Users\admin\Documents\SOLID-IDE\Projects\mros_002\Debug_clang\exeClang_SOLID\jcu\jcu_pl.o
C:\Users\admin\Documents\SOLID-IDE\Projects\mros_002\Debug_clang\exeClang_SOLID\jcu\jcu_reg.o
C:\Users\admin\Documents\SOLID-IDE\Projects\mros_002\Debug_clang\exeClang_SOLID\jcu\jcu_user.o
C:\Users\admin\Documents\SOLID-IDE\Projects\mros_002\Debug_clang\exeClang_SOLID\libjcu.a
C:\Users\admin\Documents\SOLID-IDE\Projects\mros_002\Debug_clang\exeClang_SOLID\jcu\jcu.tlog\jcu_api\clang.19936.write.1.tlog
C:\Users\admin\Documents\SOLID-IDE\Projects\mros_002\Debug_clang\exeClang_SOLID\jcu\jcu.tlog\jcu_api\clang.command.1.tlog
C:\Users\admin\Documents\SOLID-IDE\Projects\mros_002\Debug_clang\exeClang_SOLID\jcu\jcu.tlog\jcu_api\clang.read.1.tlog
C:\Users\admin\Documents\SOLID-IDE\Projects\mros_002\Debug_clang\exeClang_SOLID\jcu\jcu.tlog\jcu_para\clang.17376.write.1.tlog
C:\Users\admin\Documents\SOLID-IDE\Projects\mros_002\Debug_clang\exeClang_SOLID\jcu\jcu.tlog\jcu_para\clang.command.1.tlog
C:\Users\admin\Documents\SOLID-IDE\Projects\mros_002\Debug_clang\exeClang_SOLID\jcu\jcu.tlog\jcu_para\clang.read.1.tlog
C:\Users\admin\Documents\SOLID-IDE\Projects\mros_002\Debug_clang\exeClang_SOLID\jcu\jcu.tlog\jcu_pl\clang.20076.write.1.tlog
C:\Users\admin\Documents\SOLID-IDE\Projects\mros_002\Debug_clang\exeClang_SOLID\jcu\jcu.tlog\jcu_pl\clang.command.1.tlog
C:\Users\admin\Documents\SOLID-IDE\Projects\mros_002\Debug_clang\exeClang_SOLID\jcu\jcu.tlog\jcu_pl\clang.read.1.tlog
C:\Users\admin\Documents\SOLID-IDE\Projects\mros_002\Debug_clang\exeClang_SOLID\jcu\jcu.tlog\jcu_reg\clang.21280.write.1.tlog
C:\Users\admin\Documents\SOLID-IDE\Projects\mros_002\Debug_clang\exeClang_SOLID\jcu\jcu.tlog\jcu_reg\clang.command.1.tlog
C:\Users\admin\Documents\SOLID-IDE\Projects\mros_002\Debug_clang\exeClang_SOLID\jcu\jcu.tlog\jcu_reg\clang.read.1.tlog
C:\Users\admin\Documents\SOLID-IDE\Projects\mros_002\Debug_clang\exeClang_SOLID\jcu\jcu.tlog\jcu_user\clang.23448.write.1.tlog
C:\Users\admin\Documents\SOLID-IDE\Projects\mros_002\Debug_clang\exeClang_SOLID\jcu\jcu.tlog\jcu_user\clang.command.1.tlog
C:\Users\admin\Documents\SOLID-IDE\Projects\mros_002\Debug_clang\exeClang_SOLID\jcu\jcu.tlog\jcu_user\clang.read.1.tlog
